2023-02-10 10:07:35.424-08:00 ERROR c.m.applicationinsights.agent - 
*************************
Application Insights Java Agent 3.4.7 startup failed (PID 14981)
*************************

Description:
No connection string provided

Action:
Please provide connection string.

2023-02-10 10:08:20.894-08:00 ERROR c.m.applicationinsights.agent - 
*************************
Application Insights Java Agent 3.4.7 startup failed (PID 15042)
*************************

Description:
No connection string provided

Action:
Please provide connection string.

2023-02-10 10:08:46.777-08:00 ERROR c.m.applicationinsights.agent - 
*************************
Application Insights Java Agent 3.4.7 startup failed (PID 15075)
*************************

Description:
No connection string provided

Action:
Please provide connection string.

2023-02-10 10:20:36.516-08:00 ERROR c.m.applicationinsights.agent - 
*************************
Application Insights Java Agent 3.4.7 startup failed (PID 15247)
*************************

Description:
No connection string provided

Action:
Please provide connection string.

2023-02-10 10:23:16.651-08:00 ERROR c.m.applicationinsights.agent - 
*************************
Application Insights Java Agent 3.4.7 startup failed (PID 15279)
*************************

Description:
No connection string provided

Action:
Please provide connection string.

2023-02-10 10:24:48.979-08:00 ERROR c.m.applicationinsights.agent - 
*************************
Application Insights Java Agent 3.4.7 startup failed (PID 15515)
*************************

Description:
No connection string provided

Action:
Please provide connection string.

2023-02-10 10:28:21.502-08:00 ERROR c.m.applicationinsights.agent - 
*************************
Application Insights Java Agent 3.4.7 startup failed (PID 15549)
*************************

Description:
No connection string provided

Action:
Please provide connection string.

2023-02-10 13:39:50.185-08:00 ERROR c.m.applicationinsights.agent - 
*************************
Application Insights Java Agent 3.4.7 startup failed (PID 33107)
*************************

Description:
No connection string provided

Action:
Please provide connection string.

2023-02-10 15:57:49.964-08:00 ERROR c.m.applicationinsights.agent - 
*************************
Application Insights Java Agent 3.4.7 startup failed (PID 36528)
*************************

Description:
No connection string provided

Action:
Please provide connection string.

2023-02-10 15:59:59.712-08:00 ERROR c.m.applicationinsights.agent - 
*************************
Application Insights Java Agent 3.4.7 startup failed (PID 36560)
*************************

Description:
No connection string provided

Action:
Please provide connection string.

2023-02-10 16:22:18.411-08:00 ERROR c.m.applicationinsights.agent - 
*************************
Application Insights Java Agent 3.4.7 startup failed (PID 36706)
*************************

Description:
No connection string provided

Action:
Please provide connection string.

2023-02-10 17:57:54.669-08:00 ERROR c.m.applicationinsights.agent - 
*************************
Application Insights Java Agent 3.4.7 startup failed (PID 37389)
*************************

Description:
No connection string provided

Action:
Please provide connection string.

2023-02-12 10:10:33.778-08:00 ERROR c.m.applicationinsights.agent - 
*************************
Application Insights Java Agent 3.4.7 startup failed (PID 55771)
*************************

Description:
No connection string provided

Action:
Please provide connection string.

2023-02-12 10:18:39.941-08:00 ERROR c.m.applicationinsights.agent - 
*************************
Application Insights Java Agent 3.4.7 startup failed (PID 55983)
*************************

Description:
No connection string provided

Action:
Please provide connection string.

2023-02-12 10:20:52.475-08:00 ERROR c.m.applicationinsights.agent - 
*************************
Application Insights Java Agent 3.4.7 startup failed (PID 56036)
*************************

Description:
No connection string provided

Action:
Please provide connection string.

2023-02-12 10:30:03.770-08:00 ERROR c.m.applicationinsights.agent - 
*************************
Application Insights Java Agent 3.4.7 startup failed (PID 56166)
*************************

Description:
No connection string provided

Action:
Please provide connection string.

2023-02-12 11:11:28.509-08:00 ERROR c.m.applicationinsights.agent - 
*************************
Application Insights Java Agent 3.4.7 startup failed (PID 56879)
*************************

Description:
No connection string provided

Action:
Please provide connection string.

2023-02-12 13:13:30.087-08:00 ERROR c.m.applicationinsights.agent - 
*************************
Application Insights Java Agent 3.4.7 startup failed (PID 67842)
*************************

Description:
No connection string provided

Action:
Please provide connection string.

2023-02-12 13:15:09.679-08:00 ERROR c.m.applicationinsights.agent - 
*************************
Application Insights Java Agent 3.4.7 startup failed (PID 67935)
*************************

Description:
No connection string provided

Action:
Please provide connection string.

2023-02-12 13:15:29.205-08:00 ERROR c.m.applicationinsights.agent - 
*************************
Application Insights Java Agent 3.4.7 startup failed (PID 67956)
*************************

Description:
No connection string provided

Action:
Please provide connection string.

2023-02-12 13:21:31.118-08:00 ERROR c.m.applicationinsights.agent - 
*************************
Application Insights Java Agent 3.4.7 startup failed (PID 68484)
*************************

Description:
No connection string provided

Action:
Please provide connection string.

2023-02-12 13:24:30.156-08:00 ERROR c.m.applicationinsights.agent - 
*************************
Application Insights Java Agent 3.4.7 startup failed (PID 68716)
*************************

Description:
No connection string provided

Action:
Please provide connection string.

2023-02-12 13:29:28.388-08:00 ERROR c.m.applicationinsights.agent - 
*************************
Application Insights Java Agent 3.4.7 startup failed (PID 69005)
*************************

Description:
No connection string provided

Action:
Please provide connection string.

2023-02-12 13:30:00.193-08:00 ERROR c.m.applicationinsights.agent - 
*************************
Application Insights Java Agent 3.4.7 startup failed (PID 69067)
*************************

Description:
No connection string provided

Action:
Please provide connection string.

2023-02-12 13:51:29.090-08:00 ERROR c.m.applicationinsights.agent - 
*************************
Application Insights Java Agent 3.4.7 startup failed (PID 70306)
*************************

Description:
No connection string provided

Action:
Please provide connection string.

2023-02-12 13:58:00.805-08:00 ERROR c.m.applicationinsights.agent - 
*************************
Application Insights Java Agent 3.4.7 startup failed (PID 70679)
*************************

Description:
No connection string provided

Action:
Please provide connection string.

2023-02-12 14:02:22.755-08:00 ERROR c.m.applicationinsights.agent - 
*************************
Application Insights Java Agent 3.4.7 startup failed (PID 70997)
*************************

Description:
No connection string provided

Action:
Please provide connection string.

2023-02-12 14:10:00.231-08:00 ERROR c.m.applicationinsights.agent - 
*************************
Application Insights Java Agent 3.4.7 startup failed (PID 72400)
*************************

Description:
No connection string provided

Action:
Please provide connection string.

2023-02-12 14:13:51.223-08:00 ERROR c.m.applicationinsights.agent - 
*************************
Application Insights Java Agent 3.4.7 startup failed (PID 72656)
*************************

Description:
No connection string provided

Action:
Please provide connection string.

2023-02-12 14:18:17.346-08:00 ERROR c.m.applicationinsights.agent - 
*************************
Application Insights Java Agent 3.4.7 startup failed (PID 72947)
*************************

Description:
No connection string provided

Action:
Please provide connection string.

2023-02-12 14:22:03.991-08:00 ERROR c.m.applicationinsights.agent - 
*************************
Application Insights Java Agent 3.4.7 startup failed (PID 73185)
*************************

Description:
No connection string provided

Action:
Please provide connection string.

2023-02-13 06:40:25.894-08:00 ERROR c.m.applicationinsights.agent - 
*************************
Application Insights Java Agent 3.4.7 startup failed (PID 31054)
*************************

Description:
No connection string provided

Action:
Please provide connection string.

2023-02-13 06:47:08.158-08:00 ERROR c.m.applicationinsights.agent - 
*************************
Application Insights Java Agent 3.4.7 startup failed (PID 31472)
*************************

Description:
No connection string provided

Action:
Please provide connection string.

2023-02-13 07:12:09.134-08:00 ERROR c.m.applicationinsights.agent - 
*************************
Application Insights Java Agent 3.4.7 startup failed (PID 33634)
*************************

Description:
No connection string provided

Action:
Please provide connection string.

2023-02-13 07:47:12.533-08:00 ERROR c.m.applicationinsights.agent - 
*************************
Application Insights Java Agent 3.4.7 startup failed (PID 35649)
*************************

Description:
No connection string provided

Action:
Please provide connection string.

2023-02-13 07:56:09.936-08:00 ERROR c.m.applicationinsights.agent - 
*************************
Application Insights Java Agent 3.4.7 startup failed (PID 36263)
*************************

Description:
No connection string provided

Action:
Please provide connection string.

2023-02-13 08:03:29.694-08:00 ERROR c.m.applicationinsights.agent - 
*************************
Application Insights Java Agent 3.4.7 startup failed (PID 36769)
*************************

Description:
No connection string provided

Action:
Please provide connection string.

2023-02-13 08:29:14.955-08:00 ERROR c.m.applicationinsights.agent - 
*************************
Application Insights Java Agent 3.4.7 startup failed (PID 38330)
*************************

Description:
No connection string provided

Action:
Please provide connection string.

2023-02-13 08:31:40.293-08:00 ERROR c.m.applicationinsights.agent - 
*************************
Application Insights Java Agent 3.4.7 startup failed (PID 38498)
*************************

Description:
No connection string provided

Action:
Please provide connection string.

2023-02-13 09:32:04.367-08:00 ERROR c.m.applicationinsights.agent - 
*************************
Application Insights Java Agent 3.4.7 startup failed (PID 42225)
*************************

Description:
No connection string provided

Action:
Please provide connection string.

2023-02-13 09:35:28.674-08:00 ERROR c.m.applicationinsights.agent - 
*************************
Application Insights Java Agent 3.4.7 startup failed (PID 42489)
*************************

Description:
No connection string provided

Action:
Please provide connection string.

2023-02-13 11:25:28.546-08:00 ERROR c.m.applicationinsights.agent - 
*************************
Application Insights Java Agent 3.4.7 startup failed (PID 3105)
*************************

Description:
No connection string provided

Action:
Please provide connection string.

2023-02-13 13:36:29.238-08:00 ERROR c.m.applicationinsights.agent - 
*************************
Application Insights Java Agent 3.4.7 startup failed (PID 4510)
*************************

Description:
No connection string provided

Action:
Please provide connection string.

2023-02-13 13:56:20.114-08:00 ERROR c.m.applicationinsights.agent - 
*************************
Application Insights Java Agent 3.4.7 startup failed (PID 4679)
*************************

Description:
No connection string provided

Action:
Please provide connection string.

2023-02-13 14:00:18.019-08:00 ERROR c.m.applicationinsights.agent - 
*************************
Application Insights Java Agent 3.4.7 startup failed (PID 4796)
*************************

Description:
No connection string provided

Action:
Please provide connection string.

2023-02-13 14:04:13.136-08:00 ERROR c.m.applicationinsights.agent - 
*************************
Application Insights Java Agent 3.4.7 startup failed (PID 4845)
*************************

Description:
No connection string provided

Action:
Please provide connection string.

2023-02-13 14:05:13.259-08:00 ERROR c.m.applicationinsights.agent - 
*************************
Application Insights Java Agent 3.4.7 startup failed (PID 4864)
*************************

Description:
No connection string provided

Action:
Please provide connection string.

2023-02-13 14:06:19.505-08:00 ERROR c.m.applicationinsights.agent - 
*************************
Application Insights Java Agent 3.4.7 startup failed (PID 4888)
*************************

Description:
No connection string provided

Action:
Please provide connection string.

2023-02-13 14:10:34.185-08:00 ERROR c.m.applicationinsights.agent - 
*************************
Application Insights Java Agent 3.4.7 startup failed (PID 4988)
*************************

Description:
No connection string provided

Action:
Please provide connection string.

2023-02-13 14:15:24.773-08:00 ERROR c.m.applicationinsights.agent - 
*************************
Application Insights Java Agent 3.4.7 startup failed (PID 5076)
*************************

Description:
No connection string provided

Action:
Please provide connection string.

2023-02-13 14:16:50.891-08:00 ERROR c.m.applicationinsights.agent - 
*************************
Application Insights Java Agent 3.4.7 startup failed (PID 5141)
*************************

Description:
No connection string provided

Action:
Please provide connection string.

2023-02-13 14:19:38.902-08:00 ERROR c.m.applicationinsights.agent - 
*************************
Application Insights Java Agent 3.4.7 startup failed (PID 5193)
*************************

Description:
No connection string provided

Action:
Please provide connection string.

2023-02-13 14:35:42.740-08:00 ERROR c.m.applicationinsights.agent - 
*************************
Application Insights Java Agent 3.4.7 startup failed (PID 5723)
*************************

Description:
No connection string provided

Action:
Please provide connection string.

